LAVERN JEFFREY
MARIVEL FERNANDO
KATHERINE HARLAND
KIMBER JARRED
LATORIA VON
MERRY SCOTTY
MARY ROBIN
JAMEY ALI
LUANNE DARREN
JENNIE EVERETTE
JUDITH JOE
MARION RALPH
HASSIE WERNER
LUDIVINA ARLEN
KEELEY MURRAY
MINTA GARRET
JAMI AUGUSTUS
HAROLD ISSAC
MIRANDA JUDE
LOURA GUY
KATY JARRETT
MARGARITA ZACK
LILA ISSAC
MISSY MAYNARD
MICHELL DEL
LEENA ELWOOD
LOREEN JAMAAL
MARTHA MARIA
IOLA LAVERNE
HUI ERICK
JACKIE ISAIAS
LEANNA SCOTTIE
LETTY HARRY
HILARY SHANNON
MARIANELA KENNITH
JOELLE DICK
KERA FREDRIC
LINNEA RANDALL
KARLENE KEN
JAYMIE MANUEL
MICHELE EDGAR
LIZETTE OCTAVIO
MERILYN DAVIS
KERA HONG
LEONE CARTER
KANISHA DONNELL
MIRIAN BRENDAN
LADY IAN
HWA ALFREDO
LOTTIE HOMER
JONE DENVER
MARLEEN GROVER
JESTINE JOHNIE
MATHILDE FRANCIS
LEXIE BENEDICT
LING DENNIS
HOLLEY MAX
MARA STEPHEN
MAYME VINCENZO
LANI QUINCY
KENDAL SHANE
MELANIE REINALDO
KARLEEN WELDON
JENNY MORTON
MARIANNE DUSTIN
JACKELYN FRANCESCO
KARYN ISAAC
MONET JOSPEH
KATHARINE IRA
MAREN ARON
MONNIE COY
MARIAH JOHNATHAN
JANA BOBBIE
MASAKO EDWARDO
JULIANN LUCIUS
HOLLY PATRICIA
LUISE OLLIE
JALEESA JOESPH
MINDI GERALDO
JULIETTA RORY
HYON MAJOR
LORENE BILLY
JACQUELYNE CARLOS
LATASHA ELMER
JUNE DAN
JOHNA DANA
JACELYN NOBLE
MERLYN ELLSWORTH
MARIANNE SAMMY
MARNA WELDON
ILA OREN
JACQUILINE WESLEY
LIZETH RODNEY
MONET BILL
JUAN ELWOOD
JA TRISTAN
LUCY AURELIO
LAKESHIA JERROLD
LATRICIA KARL
JERILYN MICHEAL
