3653
1285
1461
3751
4231
3623
2062
3744
4636
4370
3122
2130
2446
3816
1312
3960
1758
2841
2614
1205
4776
4418
2745
2682
2340
1336
1171
3403
1896
1534
3683
4780
1920
3814
1430
1249
1703
3962
1540
2735
3430
1496
2782
2320
2393
2928
3508
1487
1578
1350
1828
3495
1290
3894
1912
2200
3580
3510
2416
2719
4139
3569
1927
1671
1346
1742
3963
1947
3061
1430
2002
4508
3629
2200
2517
4430
3209
1477
3955
2088
2234
2869
2938
1355
2304
3809
3424
1253
1696
2010
1848
2042
4560
4623
4655
1398
4034
1271
3245
2580
