4.924242
75.585586
41.720037
99.999858
85.679012
99.911112
99.999650
11.586902
83.287999
72.048193
83.321449
7.052897
44.080847
99.416910
96.864720
9.397590
75.156390
19.940150
88.933873
79.952225
73.918418
99.923606
42.703863
29.511677
36.975610
79.909277
30.939227
56.871345
60.215054
99.999849
55.534830
55.540227
13.714286
56.161616
71.981982
79.822222
99.916528
99.985647
75.816993
9.324759
100.000000
99.911032
40.993789
57.120328
64.025357
68.148148
38.659320
86.308725
85.611105
99.999859
18.427835
7.978723
2.068252
78.771930
55.546508
99.955578
99.999790
24.464832
91.801510
80.168067
77.738591
88.125000
7.320099
97.034555
30.876494
83.529412
66.640496
83.575706
27.544910
58.120531
74.985225
73.722628
53.482587
77.226607
79.104478
99.999716
85.201794
99.999857
18.181818
77.500000
15.799087
85.680512
76.248109
59.550562
77.780427
24.363992
87.907869
46.141479
69.713262
99.915756
81.659389
99.739823
99.911111
88.858876
75.406032
26.699029
88.503937
71.882086
20.894072
30.966240
