175247756969888735521070673828602697212668997457228930019009964365
88321264752172602037965194533817208971175081170099
375689895952195208196478217702256024135910729087981931218881661858747837957800000002
5909783927447467039759757661
446191656136961452191595392506413698922087629121691079
71024459076355870295515350000000000000999999999999
18015557651449378985899575452412179766078036157269999999
1912244201942988887800000003
6701458975855420860918854668215658634833515588229393797429951105
816407584804262322722389395925031162206396149266436668418080508202402585
736928754672291532602988215999
850662054092007567496294381262662365795678244541341901
79547234504281552220597120578322998008458763610000
56423110369906700000
019928177020133286198069644923825668961997872668302522382380239507900059
76294937951346080000002999999999
778947039754733034869999
770213204794430987431885074965021568347921915563842665066582631384906006
7317687888288796018289840842555483343733010677521832509292542528828411739189999999
96960450151313600213051094124942135285398535702593759060100000000003
6486752628299761302209971636573673696735582704185386671220505578092732757453614084955141599999
11289016738010610199776559786202334622821685963124777969650105044301
3981256101315998434237637291156559847555299498962266269598517396300685420793399196413001
6142726874627560746955943135
33763503850521513976698000000009
84014858342437464772700000000000089999999999
42531534399735066900787604
67717067431851357908982047689255740003
7798402559992478017224363022424199999999
4464904016532993714248347925495220440184220656492543746552350226395996091114412134069003817188
7728984117705894476148627839664709273684085635272744559980732092289999
5500570156193389797217777548787001054442470169918999
362734203510066683325688889811337954134302801999750007762510549306264771929802960001
8188693897584922268752094686505084868301522399999999
4586135340572969977929207126784448118998373541564803306688492991414645919751032079999999
730535402670371320816570244091000000000000000000699999999999
3239238578563302012644830374710379
4167606524698429163554790115282865632185624651912028264089692134797669
62149002527658037746155214477000
6697821652591429603385808410360838137929953637166981468100000299
1888462307291243207582775298884554349170442615694775903256809462101165540251789999
3231360256222133911902
149681572437674845740954528256
865778378460788669026383793180832953822629352154407057652293097535235250799999999999
25525802823767409826081520810259
1654108750113851000000000002999999
435727285434435465987640662667703051528445290488831966296902701542337127387005691379
70613063668832776631037683180399
606728492107620208215601044925724939445414347692476000000005
76711598626780924780919720926173075075467899
572336346530147942455303
121850396573937839022427578096435957368879670753511653515050121502842599999999
076469526734882470162886412868646549299029231594190997681647641754728095213819617899
899917694784246089799999
218259896988253258380424421583386731265522306246438734026746117543452851513938593999
82267030532323310845702190000000000000005999999999
881423111364316769192399522731469367150004
70443529527551562404043152697825777428331798671295452842412221389502883692729725568001
3846881132626514108585519190983476566480580718386591542487128425818984382726430019
17485578788282928883848911991515691643077588983101729277660531740063761858548749999999999999
3624807072729468902393262150425759633366671867540004
3510853103545395299181774825993401900004
087048987133004236533384108788854248636726000006
312762220186741063400436018159621321625533794408551262866314000000
981578373550270594713599
3570540150470264612605293139897469377241200000000000000000000007999999999999999999
3524413578379400286306
8938724743087490116743500328704766838687268226402001
07427886976649988078259180161170404945258709976513646840265753236827
814205506089536189169364035989945917610584058417926290116959
5488613093044799768265564227997009
29733405563572719751349757731100
9183616980429810225570071813458482859702
134682721223232004713021085615983710208776005443424645785272652000000004
168722024150711603705017047251504323975566000002
71216141033342513970000000000009999999
79077777439475084614006682026781079240170255296692620071416991225047574954344052159539
350088840291045016509855123025082322740807769495
8146827591497080954529340372737275952744505061409536010431879798306987876811462999
58939866650305602099848565133173190680868866456762186454110821174803897674
001246395653419499600002
726201918707130415286482781722753161263181461719095651160893237162982002
9026362434446744983082293176588746875372792976824322980189492667134505344048922764499999
8045325232853121543629757000940003
00555894375166121100035389522146259900000002
29491111593631114828603437980057355824183452855350000000000000000000000000099999999999999999999999
44867142973687095856855585271099749857593210258596508224807690711285425234499999999999
311993716388768797187485764783982265570622695268768562389999
14775269744505523138564946
03232201080849372599097064716177856399244108382020217860659321545413696999
486645617765157650713403582732194897319353844391597992857249401681870798167671000004
338384741252901329650340538827664729075215843578802401964002
918753113862541807294375468252086602
60005952856956099434634995279035723751
8218492987565692041544809834725999
66360655494652735390337622645237844337584190000000000000000000029999999999999999999999
17831300732825999479772289677276066700532833008488996965593796837618613340350405
025408430003497392339198929360000001
04963403870578261170500766859298027320840000
57222523837325148650616985039065792077142058841601942281
