195.357381
29.119816
21.846639
19.152727
1.990000
15.155388
11.090812
521.003824
5.567812
1.996845
87.753541
17.307692
15.906863
95.030928
5.250000
12.690217
73.472906
85.512524
71.027397
4.667969
1000000.000000
556.627915
9776.633353
12122.705690
33389.500086
4774.580433
226965.149526
8737.954066
71681.694535
3879.501282
297852.474178
575.825162
7256.751289
53220.000014
5439.001191
467559.769214
16476.250121
100377.440218
15643.507338
1482.334361
54095.500036
156390.212351
873.502819
4276.811952
10333.123703
699.008503
4737.177597
338062.438458
760227.000003
2857.550973
153327.237202
23365.765286
68540.360842
3290.865743
184237.184709
240553.500003
43.730831
4774.043425
232108.200040
72080.500010
89548.200569
575.644218
3693.628649
752.277532
832005.000060
106085.000019
11609.064909
4827.218034
80891.666672
18335.000140
2425.664831
42.591977
37293.500965
11952.353091
3183.113346
295355.666673
15651.091837
1573.776538
5700.754727
66975.439047
4532.961417
6042.614423
1910.065987
44147.183936
18754.390808
7699.140206
150195.800013
119.030933
860.494419
48989.544861
1396.452335
8567.346983
86079.000028
27440.318769
19500.698724
2116.517503
31210.500024
14292.017376
44595.201305
27359.000444
