5472
4032
0
360855388
610399550
1287
492741237
16920
0
988697612
504
39315456
6250
123919372
87
0
0
624459202
447472852
0
0
0
468
0
203674226
0
260795240
591
89856
0
822202222
0
0
3747744
311223668
450087608
15043344
0
22680
9958488
0
0
0
0
122521256
0
0
74747287
899742
4058208
0
252844677
857520506
0
0
0
38
0
4272
979927117
0
125461422
2205840
416300316
286902
0
28626
0
0
0
15840
1536
321525696
1386432
60
136840620
0
322
0
220955232
0
1452
20900
30
451160473
0
0
0
560141663
0
159962
0
0
0
1690
890584
461242368
88704000
69900210
257988911
