661988642
175000073
559114327
860486219
867542272
269402411
22045843
306648076
534808054
904176962
173833848
347726936
86663728
258570289
74694037
699806922
854964430
845027213
18537415
406825830
5677502
914084111
38556445
874805704
576640407
922511162
30061708
497431409
249725548
216022272
637496945
775591001
75551664
199595801
26224873
724356251
143100287
56669603
266668475
598296556
818480676
36757454
434044176
32855132
684365347
558138651
293951094
704245008
138289442
159797466
668831103
844940773
874019129
789701843
644680406
796836375
672221236
227712035
709232331
802535672
663482573
537937532
47342143
216826848
833073806
531125027
263569787
659771516
783066153
508911372
650188849
787845997
288622906
442788865
758822087
606176521
693818436
549790774
289388645
533265595
32168807
283313713
796821899
249781876
595239797
360342413
133739651
661345617
198861251
548007879
102793887
264572274
892292780
467872275
296787185
360795539
364870624
113129403
410527223
916730855
