6
1078
12
1078
1251
1078
26
4
1
5956
179
26
5956
1
162
486
1
8779
12
469
5956
18
162
7
1
6
1
0
255
255
66
823523427
286356338
164624026
28697814
354294
242415979
973568760
53662270
56757674
553427155
286356338
564258784
582288916
150470251
414861696
913490097
941029930
354294
355646101
1062882
793348170
859069014
205251767
429468516
17614250
172843650
762118784
859069014
882627354
492258553
673049680
926276107
39366
398910201
1062882
774840978
793348170
3046176
90034589
793348170
315265877
253145350
332132777
888354430
229867324
137278501
946487926
989779302
355240598
540281633
264207893
883259746
596846658
664571494
341206218
197573453
928868706
765936882
555770617
140343080
998080494
849099125
240691948
726840237
33180683
365155711
392318735
562741815
996629335
