9999989
1310415
1077967
431460
4045247
1983955
5959503
2930201
2264265
157832
3145280
3882527
1858947
2055522
3510241
507732
4006553
2418435
3403929
4400593
641980
795006
6158875
4392972
3483370
1832378
2963034
2861921
2185730
256929
1155892
2318803
3434123
3385627
5244453
2938668
1133561
6085378
6379642
3336805
5509988
740036
3036288
3333031
2461948
4445862
3906202
1891151
3261928
3531940
2804689
4047394
2127738
2832126
5101458
4015621
2624511
1739719
4394860
822314
1562765
814397
5284401
4368161
3972309
1038623
6308881
2299965
3475712
4384895
3016496
926949
4097492
626523
6233970
2173351
5639777
1675564
3222153
1018916
2707261
1978871
1853293
4514174
6592009
1462988
2084566
5316615
4549688
2848560
4103041
1833090
3231586
4300397
6273402
2177232
4137095
512097
779246
359781
