EFRAIN
JESSIE
MICHAEL
CHRISTOPER
KRISTOPHER
CHESTER
DARIUS
BOOKER
AGUSTIN
ARLIE
ADALBERTO
CHRISTIAN
BARRETT
BRAIN
CAMERON
ASHLEY
ANTHONY
ARLIE
AURELIO
CHRISTOPER
ADALBERTO
ALEJANDRO
AUBREY
REGINALD
CLARENCE
KELVIN
BRODERICK
BERTRAM
BENITO
ALEJANDRO
CORNELIUS
EMERY
CHARLEY
CHANG
BRODERICK
FLORENTINO
ADALBERTO
AGUSTIN
ADALBERTO
CORNELIUS
ADALBERTO
FILIBERTO
ISMAEL
DOMINIQUE
CLEVELAND
AHMAD
ALEJANDRO
CAMERON
BARRETT
ALEXIS
ABEL
FELIPE
AUGUSTINE
ALEJANDRO
CLEMENT
BRADLEY
CHRISTIAN
CEDRIC
FERDINAND
CHARLEY
AURELIO
CLIFTON
COLLIN
AUBREY
DOUGLASS
BARRETT
EARNEST
CARLOS
BARNEY
FRANCISCO
ALPHONSO
EDGARDO
ADALBERTO
ADALBERTO
BERNARD
ADALBERTO
ADALBERTO
ANDERSON
DOMINIQUE
ABRAM
ARMAND
CARLTON
ANTIONE
DAMION
GARFIELD
ALEJANDRO
AGUSTIN
BOBBIE
ALEJANDRO
CLEVELAND
ANIBAL
CARLOS
CLIFFORD
COURTNEY
ADALBERTO
CHRISTOPHER
ALVIN
ADALBERTO
ALEJANDRO
ADALBERTO
